<?xml version="1.0" encoding="UTF-8"?>
<!-- Generated by org.testng.reporters.JUnitXMLReporter -->
<testsuite ignored="0" hostname="ZakirZR-Bluestone" failures="0" tests="4" name="Test" time="20.663" errors="0" timestamp="2023-01-05T05:25:49 IST">
  <testcase classname="FrameWork_BuildingBlocks.MultipleThreads" name="test2" time="5.493"/>
  <testcase classname="FrameWork_BuildingBlocks.MultipleThreads" name="test1" time="7.237"/>
  <testcase classname="FrameWork_BuildingBlocks.MultipleThreads2" name="test4" time="20.539"/>
  <testcase classname="FrameWork_BuildingBlocks.MultipleThreads2" name="test3" time="20.601"/>
</testsuite> <!-- Test -->
