<?xml version="1.0" encoding="UTF-8"?>
<testng-results ignored="0" total="4" passed="4" failed="0" skipped="0">
  <reporter-output>
  </reporter-output>
  <suite started-at="2023-01-05T05:25:28 IST" name="Suite" finished-at="2023-01-05T05:25:49 IST" duration-ms="20663">
    <groups>
    </groups>
    <test started-at="2023-01-05T05:25:28 IST" name="Test" finished-at="2023-01-05T05:25:49 IST" duration-ms="20663">
      <class name="FrameWork_BuildingBlocks.MultipleThreads2">
        <test-method is-config="true" signature="before()[pri:0, instance:FrameWork_BuildingBlocks.MultipleThreads2@2e3967ea]" started-at="2023-01-05T05:25:28 IST" name="before" finished-at="2023-01-05T05:25:28 IST" duration-ms="13" status="PASS">
          <reporter-output>
          </reporter-output>
        </test-method> <!-- before -->
        <test-method is-config="true" signature="before()[pri:0, instance:FrameWork_BuildingBlocks.MultipleThreads2@2e3967ea]" started-at="2023-01-05T05:25:28 IST" name="before" finished-at="2023-01-05T05:25:28 IST" duration-ms="11" status="PASS">
          <reporter-output>
          </reporter-output>
        </test-method> <!-- before -->
        <test-method signature="test4()[pri:0, instance:FrameWork_BuildingBlocks.MultipleThreads2@2e3967ea]" started-at="2023-01-05T05:25:28 IST" name="test4" finished-at="2023-01-05T05:25:49 IST" duration-ms="20539" status="PASS">
          <reporter-output>
          </reporter-output>
        </test-method> <!-- test4 -->
        <test-method signature="test3()[pri:0, instance:FrameWork_BuildingBlocks.MultipleThreads2@2e3967ea]" started-at="2023-01-05T05:25:28 IST" name="test3" finished-at="2023-01-05T05:25:49 IST" duration-ms="20601" status="PASS">
          <reporter-output>
          </reporter-output>
        </test-method> <!-- test3 -->
      </class> <!-- FrameWork_BuildingBlocks.MultipleThreads2 -->
      <class name="FrameWork_BuildingBlocks.MultipleThreads">
        <test-method is-config="true" signature="before()[pri:0, instance:FrameWork_BuildingBlocks.MultipleThreads@6404f418]" started-at="2023-01-05T05:25:28 IST" name="before" finished-at="2023-01-05T05:25:28 IST" duration-ms="13" status="PASS">
          <reporter-output>
          </reporter-output>
        </test-method> <!-- before -->
        <test-method is-config="true" signature="before()[pri:0, instance:FrameWork_BuildingBlocks.MultipleThreads@6404f418]" started-at="2023-01-05T05:25:28 IST" name="before" finished-at="2023-01-05T05:25:28 IST" duration-ms="13" status="PASS">
          <reporter-output>
          </reporter-output>
        </test-method> <!-- before -->
        <test-method signature="test1()[pri:0, instance:FrameWork_BuildingBlocks.MultipleThreads@6404f418]" started-at="2023-01-05T05:25:28 IST" name="test1" finished-at="2023-01-05T05:25:35 IST" duration-ms="7237" status="PASS">
          <reporter-output>
          </reporter-output>
        </test-method> <!-- test1 -->
        <test-method signature="test2()[pri:0, instance:FrameWork_BuildingBlocks.MultipleThreads@6404f418]" started-at="2023-01-05T05:25:28 IST" name="test2" finished-at="2023-01-05T05:25:34 IST" duration-ms="5493" status="PASS">
          <reporter-output>
          </reporter-output>
        </test-method> <!-- test2 -->
      </class> <!-- FrameWork_BuildingBlocks.MultipleThreads -->
    </test> <!-- Test -->
  </suite> <!-- Suite -->
</testng-results>
